14:07:34.191 [main] INFO  - Goto my account-->Click on Login.. 
14:07:34.883 [main] INFO  - Entering email and password.. 
14:07:35.559 [main] INFO  - clicked on login button...
15:21:51.876 [main] INFO  - Goto my account-->Click on Login.. 
15:21:53.135 [main] INFO  - Entering email and password.. 
15:21:54.620 [main] INFO  - clicked on login button...
15:32:55.009 [main] INFO  - Goto my account-->Click on Login.. 
15:32:55.760 [main] INFO  - Entering email and password.. 
15:32:56.517 [main] INFO  - clicked on login button...
15:44:58.490 [main] INFO  - Goto my account-->Click on Login.. 
15:44:59.375 [main] INFO  - Entering email and password.. 
15:45:00.720 [main] INFO  - clicked on login button...
11:24:02.941 [pool-3-thread-1] INFO  - Goto my account-->Click on Login.. 
11:24:03.761 [pool-3-thread-1] INFO  - Entering email and password.. 
11:24:06.101 [pool-3-thread-1] INFO  - clicked on login button...
11:25:07.956 [main] INFO  - Goto my account-->Click on Login.. 
11:25:08.604 [main] INFO  - Entering email and password.. 
11:25:09.732 [main] INFO  - clicked on login button...
11:27:34.728 [main] INFO  - Goto my account-->Click on Login.. 
11:27:35.361 [main] INFO  - Entering email and password.. 
11:27:36.283 [main] INFO  - clicked on login button...
11:28:39.062 [pool-3-thread-1] INFO  - Goto my account-->Click on Login.. 
11:28:39.709 [pool-3-thread-1] INFO  - Entering email and password.. 
11:28:41.527 [pool-3-thread-1] INFO  - clicked on login button...
11:30:58.762 [main] INFO  - Goto my account-->Click on Login.. 
11:30:59.506 [main] INFO  - Entering email and password.. 
11:31:00.817 [main] INFO  - clicked on login button...
11:32:42.541 [main] INFO  - Goto my account-->Click on Login.. 
11:32:46.118 [main] INFO  - Entering email and password.. 
11:32:47.244 [main] INFO  - clicked on login button...
11:34:08.134 [main] INFO  - Goto my account-->Click on Login.. 
11:34:08.801 [main] INFO  - Entering email and password.. 
11:34:10.471 [main] INFO  - clicked on login button...
11:45:34.561 [main] INFO  - Goto my account-->Click on Login.. 
11:45:35.241 [main] INFO  - Entering email and password.. 
11:45:36.544 [main] INFO  - clicked on login button...
11:48:32.063 [main] INFO  - Goto my account-->Click on Login.. 
11:48:32.749 [main] INFO  - Entering email and password.. 
11:48:34.206 [main] INFO  - clicked on login button...
12:19:09.362 [main] INFO  - Goto my account-->Click on Login.. 
12:19:10.371 [main] INFO  - Entering email and password.. 
12:19:11.738 [main] INFO  - clicked on login button...
12:24:14.670 [main] INFO  - Goto my account-->Click on Login.. 
12:24:15.551 [main] INFO  - Entering email and password.. 
12:24:16.857 [main] INFO  - clicked on login button...
12:25:59.705 [main] INFO  - Goto my account-->Click on Login.. 
12:26:00.443 [main] INFO  - Entering email and password.. 
12:26:01.724 [main] INFO  - clicked on login button...
12:40:21.946 [main] INFO  - Goto my account-->Click on Login.. 
12:40:22.616 [main] INFO  - Entering email and password.. 
12:40:24.212 [main] INFO  - clicked on login button...
12:48:13.135 [main] INFO  - Goto my account-->Click on Login.. 
12:48:14.187 [main] INFO  - Entering email and password.. 
12:48:15.338 [main] INFO  - clicked on login button...
07:20:02.541 [main] INFO  - Goto my account-->Click on Login.. 
07:20:03.687 [main] INFO  - Entering email and password.. 
07:20:04.885 [main] INFO  - clicked on login button...
07:26:07.255 [main] INFO  - Goto my account-->Click on Login.. 
07:26:08.073 [main] INFO  - Entering email and password.. 
07:26:08.937 [main] INFO  - clicked on login button...
07:27:45.855 [main] INFO  - Goto my account-->Click on Login.. 
07:27:46.685 [main] INFO  - Entering email and password.. 
07:27:47.506 [main] INFO  - clicked on login button...
07:42:18.774 [main] INFO  - Goto my account-->Click on Login.. 
07:42:19.621 [main] INFO  - Entering email and password.. 
07:42:20.495 [main] INFO  - clicked on login button...
07:44:30.850 [main] INFO  - Goto my account-->Click on Login.. 
07:44:31.695 [main] INFO  - Entering email and password.. 
07:44:32.578 [main] INFO  - clicked on login button...
07:46:04.249 [main] INFO  - Goto my account-->Click on Login.. 
07:46:05.043 [main] INFO  - Entering email and password.. 
07:46:05.916 [main] INFO  - clicked on login button...
07:52:55.919 [main] INFO  - Goto my account-->Click on Login.. 
07:52:56.718 [main] INFO  - Entering email and password.. 
07:52:57.593 [main] INFO  - clicked on login button...
17:10:04.684 [main] INFO  - Goto my account-->Click on Login.. 
17:10:05.024 [main] INFO  - Entering email and password.. 
17:10:05.380 [main] INFO  - clicked on login button...
17:10:14.161 [main] INFO  - Goto my account-->Click on Login.. 
17:10:14.969 [main] INFO  - Entering email and password.. 
17:10:15.166 [main] INFO  - clicked on login button...
17:10:27.770 [main] INFO  - Goto my account-->Click on Login.. 
17:10:28.694 [main] INFO  - Entering email and password.. 
17:10:28.928 [main] INFO  - clicked on login button...
17:11:49.856 [main] INFO  - Goto my account-->Click on Login.. 
17:11:50.121 [main] INFO  - Entering email and password.. 
17:11:50.623 [main] INFO  - clicked on login button...
17:11:52.023 [main] INFO  - Goto my account-->Click on Login.. 
17:11:52.742 [main] INFO  - Entering email and password.. 
17:11:52.926 [main] INFO  - clicked on login button...
17:12:05.326 [main] INFO  - Goto my account-->Click on Login.. 
17:12:06.089 [main] INFO  - Entering email and password.. 
17:12:06.310 [main] INFO  - clicked on login button...
17:14:24.911 [main] INFO  - Goto my account-->Click on Login.. 
17:14:25.283 [main] INFO  - Entering email and password.. 
17:14:25.507 [main] INFO  - clicked on login button...
17:14:27.348 [main] INFO  - Goto my account-->Click on Login.. 
17:14:28.100 [main] INFO  - Entering email and password.. 
17:14:28.300 [main] INFO  - clicked on login button...
17:18:48.372 [main] INFO  - Goto my account-->Click on Login.. 
17:18:48.727 [main] INFO  - Entering email and password.. 
17:18:49.120 [main] INFO  - clicked on login button...
17:18:50.552 [main] INFO  - Goto my account-->Click on Login.. 
17:18:51.308 [main] INFO  - Entering email and password.. 
17:18:51.477 [main] INFO  - clicked on login button...
17:19:03.854 [main] INFO  - Goto my account-->Click on Login.. 
17:19:04.586 [main] INFO  - Entering email and password.. 
17:19:04.821 [main] INFO  - clicked on login button...
17:20:22.192 [main] INFO  - Goto my account-->Click on Login.. 
17:20:22.476 [main] INFO  - Entering email and password.. 
17:20:22.693 [main] INFO  - clicked on login button...
17:20:24.209 [main] INFO  - Goto my account-->Click on Login.. 
17:20:24.948 [main] INFO  - Entering email and password.. 
17:20:25.145 [main] INFO  - clicked on login button...
17:20:37.416 [main] INFO  - Goto my account-->Click on Login.. 
17:20:38.158 [main] INFO  - Entering email and password.. 
17:20:38.451 [main] INFO  - clicked on login button...
17:41:14.336 [main] INFO  - Goto my account-->Click on Login.. 
17:41:14.789 [main] INFO  - Entering email and password.. 
17:41:15.452 [main] INFO  - clicked on login button...
17:41:17.639 [main] INFO  - Goto my account-->Click on Login.. 
17:41:18.718 [main] INFO  - Entering email and password.. 
17:41:19.355 [main] INFO  - clicked on login button...
17:41:30.015 [main] INFO  - Goto my account-->Click on Login.. 
17:41:31.029 [main] INFO  - Entering email and password.. 
17:41:31.514 [main] INFO  - clicked on login button...
17:44:07.805 [main] INFO  - Goto my account-->Click on Login.. 
17:44:08.408 [main] INFO  - Entering email and password.. 
17:44:09.115 [main] INFO  - clicked on login button...
17:44:10.896 [main] INFO  - Goto my account-->Click on Login.. 
17:44:11.262 [main] INFO  - Entering email and password.. 
17:44:11.648 [main] INFO  - clicked on login button...
17:44:24.450 [main] INFO  - Goto my account-->Click on Login.. 
17:44:24.834 [main] INFO  - Entering email and password.. 
17:44:25.311 [main] INFO  - clicked on login button...
11:19:02.411 [main] INFO  - Goto my account-->Click on Login.. 
11:19:02.718 [main] INFO  - Entering email and password.. 
11:19:02.909 [main] INFO  - clicked on login button...
11:19:04.534 [main] INFO  - Goto my account-->Click on Login.. 
11:19:05.338 [main] INFO  - Entering email and password.. 
11:19:05.569 [main] INFO  - clicked on login button...
11:19:18.297 [main] INFO  - Goto my account-->Click on Login.. 
11:19:19.022 [main] INFO  - Entering email and password.. 
11:19:19.215 [main] INFO  - clicked on login button...
11:44:10.403 [main] INFO  - Goto my account-->Click on Login.. 
11:44:10.702 [main] INFO  - Entering email and password.. 
11:44:10.918 [main] INFO  - clicked on login button...
11:44:22.663 [main] INFO  - Goto my account-->Click on Login.. 
11:44:23.402 [main] INFO  - Entering email and password.. 
11:44:23.618 [main] INFO  - clicked on login button...
12:22:50.363 [main] INFO  - Goto my account-->Click on Login.. 
12:22:50.845 [main] INFO  - Entering email and password.. 
12:22:51.076 [main] INFO  - clicked on login button...
12:32:52.854 [main] INFO  - Goto my account-->Click on Login.. 
12:32:55.515 [main] INFO  - Goto my account-->Click on Login.. 
12:32:58.669 [main] INFO  - Goto my account-->Click on Login.. 
12:33:01.827 [main] INFO  - Goto my account-->Click on Login.. 
12:33:05.005 [main] INFO  - Goto my account-->Click on Login.. 
12:34:01.264 [main] INFO  - Goto my account-->Click on Login.. 
12:34:03.830 [main] INFO  - Goto my account-->Click on Login.. 
12:34:07.180 [main] INFO  - Goto my account-->Click on Login.. 
12:35:18.071 [main] INFO  - Goto my account-->Click on Login.. 
12:35:20.643 [main] INFO  - Goto my account-->Click on Login.. 
12:35:23.723 [main] INFO  - Goto my account-->Click on Login.. 
12:41:26.783 [main] INFO  - Goto my account-->Click on Login.. 
12:41:27.351 [main] INFO  - Entering email and password.. 
12:41:28.047 [main] INFO  - clicked on login button...
12:41:30.380 [main] INFO  - Goto my account-->Click on Login.. 
12:41:31.618 [main] INFO  - Entering email and password.. 
12:41:32.247 [main] INFO  - clicked on login button...
12:42:27.243 [main] INFO  - Goto my account-->Click on Login.. 
12:42:27.675 [main] INFO  - Entering email and password.. 
12:42:28.015 [main] INFO  - clicked on login button...
12:44:33.129 [main] INFO  - Goto my account-->Click on Login.. 
12:44:33.608 [main] INFO  - Entering email and password.. 
12:44:34.159 [main] INFO  - clicked on login button...
12:47:48.066 [main] INFO  - Goto my account-->Click on Login.. 
12:47:48.582 [main] INFO  - Entering email and password.. 
12:47:49.182 [main] INFO  - clicked on login button...
12:54:22.104 [main] INFO  - Goto my account-->Click on Login.. 
12:54:22.769 [main] INFO  - Entering email and password.. 
12:54:23.478 [main] INFO  - clicked on login button...
12:59:50.198 [main] INFO  - Goto my account-->Click on Login.. 
12:59:50.670 [main] INFO  - Entering email and password.. 
12:59:51.044 [main] INFO  - clicked on login button...
12:45:15.097 [main] INFO  - Goto my account-->Click on Login.. 
12:45:15.516 [main] INFO  - Entering email and password.. 
12:45:15.760 [main] INFO  - clicked on login button...
